<?xml version="1.0" encoding="UTF-8"?>
<testng-results ignored="0" total="1" passed="1" failed="0" skipped="0">
  <reporter-output>
  </reporter-output>
  <suite started-at="2022-06-14T14:17:27 GMT+05:30" name="Regression" finished-at="2022-06-14T14:18:20 GMT+05:30" duration-ms="52817">
    <groups>
      <group name="cucumber">
        <method signature="AbstractTestNGCucumberTests.runScenario(io.cucumber.testng.PickleWrapper, io.cucumber.testng.FeatureWrapper)[pri:0, instance:Runners.SearchCarsRunner@4b8ee4de]" name="runScenario" class="io.cucumber.testng.AbstractTestNGCucumberTests"/>
      </group> <!-- cucumber -->
    </groups>
    <test started-at="2022-06-14T14:17:27 GMT+05:30" name="Searchcars" finished-at="2022-06-14T14:18:20 GMT+05:30" duration-ms="52817">
      <class name="Runners.SearchCarsRunner">
        <test-method is-config="true" signature="setUpClass(org.testng.ITestContext)[pri:0, instance:Runners.SearchCarsRunner@4b8ee4de]" started-at="2022-06-14T14:17:27 GMT+05:30" name="setUpClass" finished-at="2022-06-14T14:17:28 GMT+05:30" duration-ms="307" status="PASS">
          <params>
            <param index="0">
              <value>
                <![CDATA[org.testng.TestRunner@12c0c0b3]]>
              </value>
            </param>
          </params>
          <reporter-output>
          </reporter-output>
        </test-method> <!-- setUpClass -->
        <test-method is-config="true" signature="setUpCucumber()[pri:0, instance:Runners.SearchCarsRunner@4b8ee4de]" started-at="2022-06-14T14:17:28 GMT+05:30" name="setUpCucumber" finished-at="2022-06-14T14:17:28 GMT+05:30" duration-ms="16" status="PASS">
          <reporter-output>
          </reporter-output>
        </test-method> <!-- setUpCucumber -->
        <test-method signature="runScenario(io.cucumber.testng.PickleWrapper, io.cucumber.testng.FeatureWrapper)[pri:0, instance:Runners.SearchCarsRunner@4b8ee4de]" started-at="2022-06-14T14:17:28 GMT+05:30" name="runScenario" description="Runs Cucumber Scenarios" data-provider="scenarios" finished-at="2022-06-14T14:18:20 GMT+05:30" duration-ms="52423" status="PASS">
          <params>
            <param index="0">
              <value>
                <![CDATA["Search new and used car"]]>
              </value>
            </param>
            <param index="1">
              <value>
                <![CDATA["Validate search car is working"]]>
              </value>
            </param>
          </params>
          <reporter-output>
          </reporter-output>
        </test-method> <!-- runScenario -->
        <test-method is-config="true" signature="tearDownClass()[pri:0, instance:Runners.SearchCarsRunner@4b8ee4de]" started-at="2022-06-14T14:18:20 GMT+05:30" name="tearDownClass" finished-at="2022-06-14T14:18:20 GMT+05:30" duration-ms="22" status="PASS">
          <reporter-output>
          </reporter-output>
        </test-method> <!-- tearDownClass -->
      </class> <!-- Runners.SearchCarsRunner -->
    </test> <!-- Searchcars -->
  </suite> <!-- Regression -->
</testng-results>
